build/app/outputs/mapping/release/seeds.txt
com.example.oneramadhan.MainActivity
com.example.oneramadhan.MainActivity: MainActivity()
...
com.google.android.gms.internal.firebase-auth-api.zziu
com.google.firestore.v1.StructuredQuery$CompositeFilter: com.google.protobuf.Internal$ProtobufList filters_
androidx.core.graphics.drawable.IconCompat: IconCompat()
io.flutter.plugins.GeneratedPluginRegistrant: void registerWith(io.flutter.embedding.engine.FlutterEngine)
com.google.android.gms.internal.firebase-auth-api.zznn: android.os.Parcelable$Creator CREATOR
com.google.firestore.v1.Document: com.google.firestore.v1.Document DEFAULT_INSTANCE
com.google.android.gms.internal.firebase-auth-api.zzjo: com.google.android.gms.internal.firebase-auth-api.zzjo zzf
com.google.android.gms.measurement.AppMeasurement: java.util.List getConditionalUserProperties(java.lang.String,java.lang.String)
com.google.android.gms.internal.firebase-auth-api.zzwo: android.os.Parcelable$Creator CREATOR
io.flutter.embedding.engine.FlutterJNI: boolean nativeFlutterTextUtilsIsEmojiModifier(int)
io.flutter.embedding.android.FlutterSplashView$SavedState: FlutterSplashView$SavedState(android.os.Parcel)
com.google.firebase.analytics.FirebaseAnalytics: void setCurrentScreen(android.app.Activity,java.lang.String,java.lang.String)
com.google.android.gms.internal.measurement.zzdj: java.lang.String zzy
io.grpc.internal.GrpcUtil$Http2Error: io.grpc.internal.GrpcUtil$Http2Error[] values()
com.google.android.gms.internal.firebase-auth-api.zzfy: com.google.android.gms.internal.firebase-auth-api.zzyy zze
com.google.firestore.v1.ArrayValue: com.google.protobuf.Internal$ProtobufList values_
com.google.firestore.v1.TargetChange: com.google.protobuf.Timestamp readTime_
io.grpc.okhttp.OkHttpChannelBuilder: io.grpc.okhttp.OkHttpChannelBuilder forTarget(java.lang.String)
com.google.android.gms.internal.firebase-auth-api.zzjo
com.google.firestore.v1.BatchGetDocumentsRequest: int DOCUMENTS_FIELD_NUMBER
com.google.firestore.v1.WriteRequest: com.google.protobuf.ByteString streamToken_
com.google.android.gms.internal.measurement.zzhk: com.google.android.gms.internal.measurement.zzhk[] values()
com.google.firebase.firestore.proto.Target: com.google.protobuf.ByteString resumeToken_
com.google.firestore.v1.TransactionOptions$ReadOnly: java.lang.Object consistencySelector_
com.google.firestore.v1.TargetChange: int TARGET_IDS_FIELD_NUMBER
io.flutter.embedding.engine.renderer.SurfaceTextureWrapper: android.graphics.SurfaceTexture surfaceTexture
com.google.android.gms.internal.measurement.zzcn: int zza
com.google.android.gms.measurement.internal.zzp: android.os.Parcelable$Creator CREATOR
com.google.android.gms.internal.measurement.zzck: int zza
com.google.firestore.v1.DocumentRemove: com.google.firestore.v1.DocumentRemove DEFAULT_INSTANCE
com.google.firestore.v1.StructuredQuery$Filter: int UNARY_FILTER_FIELD_NUMBER
com.google.android.gms.internal.measurement.zzdz: java.lang.String zze
com.google.android.gms.internal.measurement.zzbw: int zza
com.google.firestore.v1.DocumentTransform$FieldTransform: int SET_TO_SERVER_VALUE_FIELD_NUMBER
com.google.firestore.v1.StructuredQuery: int OFFSET_FIELD_NUMBER
com.google.android.gms.internal.firebase-auth-api.zzex
com.google.android.gms.internal.measurement.zzcp: java.lang.String zzk
com.google.firestore.v1.Value: int TIMESTAMP_VALUE_FIELD_NUMBER
com.google.firebase.FirebaseCommonRegistrar
com.google.firestore.v1.StructuredQuery$Filter: int COMPOSITE_FILTER_FIELD_NUMBER
androidx.lifecycle.Lifecycle$Event: androidx.lifecycle.Lifecycle$Event[] $VALUES
com.google.firestore.v1.WriteRequest: int WRITES_FIELD_NUMBER
com.google.firestore.v1.Write: com.google.firestore.v1.Write DEFAULT_INSTANCE
com.google.firestore.v1.DocumentRemove: int REMOVED_TARGET_IDS_FIELD_NUMBER
io.flutter.embedding.engine.FlutterJNI: void invokePlatformMessageEmptyResponseCallback(int)
com.google.android.gms.measurement.internal.AppMeasurementDynamiteService: void onActivityCreated(com.google.android.gms.dynamic.IObjectWrapper,android.os.Bundle,long)