build/app/outputs/mapping/release/mapping.txt
# compiler: R8
# compiler_version: 2.1.86
# min_api: 16
# pg_map_id: 60438be
# common_typos_disable
...
com.google.android.gms.internal.measurement.zzjr -> b.a.a.a.f.f.c8:
    com.google.android.gms.internal.measurement.zzjs zza -> b
com.google.android.gms.internal.measurement.zzjs -> b.a.a.a.f.f.d8:
    java.util.Map zzc -> d
    com.google.android.gms.internal.measurement.zzjr zze -> f
    java.util.List zzb -> c
    boolean zzd -> e
    int zza -> b
    java.util.Map zzf -> g
    void zza() -> a
    boolean zzb() -> b
    int zzc() -> c
    java.util.Map$Entry zzd(int) -> d
    java.lang.Iterable zze() -> e
    java.lang.Object zzf(java.lang.Comparable,java.lang.Object) -> f
    void zzg(com.google.android.gms.internal.measurement.zzjs) -> g
    java.util.List zzh(com.google.android.gms.internal.measurement.zzjs) -> h
    java.util.Map zzi(com.google.android.gms.internal.measurement.zzjs) -> i
    java.lang.Object zzj(com.google.android.gms.internal.measurement.zzjs,int) -> j
    java.lang.Object zzk(int) -> k
    int zzl(java.lang.Comparable) -> l
    void zzm() -> m
    java.util.SortedMap zzn() -> n
com.google.android.gms.internal.measurement.zzjt -> b.a.a.a.f.f.e8:
    boolean zza() -> a
    com.google.android.gms.internal.measurement.zzix zzb() -> b
    int zzc() -> c
com.google.android.gms.internal.measurement.zzju -> b.a.a.a.f.f.f8:
    java.lang.String zza(com.google.android.gms.internal.measurement.zzgs) -> a
com.google.android.gms.internal.measurement.zzjv -> b.a.a.a.f.f.g8:
com.google.android.gms.internal.measurement.zzjw -> b.a.a.a.f.f.h8:
    void zza(java.lang.Object,int,long) -> a
    java.lang.Object zzb() -> b
    void zzc(java.lang.Object,java.lang.Object) -> c
    java.lang.Object zzd(java.lang.Object) -> d
    void zze(java.lang.Object) -> e
    java.lang.Object zzf(java.lang.Object,java.lang.Object) -> f
    int zzg(java.lang.Object) -> g
    int zzh(java.lang.Object) -> h
    void zzi(java.lang.Object,com.google.android.gms.internal.measurement.zzha) -> i
com.google.android.gms.internal.measurement.zzjx -> b.a.a.a.f.f.i8:
    java.lang.Object[] zzd -> c
    int[] zzc -> b
    boolean zzf -> e
    int zze -> d
    com.google.android.gms.internal.measurement.zzjx zza -> f
    int zzb -> a
    com.google.android.gms.internal.measurement.zzjx zza() -> a
    com.google.android.gms.internal.measurement.zzjx zzb() -> b
    com.google.android.gms.internal.measurement.zzjx zzc(com.google.android.gms.internal.measurement.zzjx,com.google.android.gms.internal.measurement.zzjx) -> c
    void zzd() -> d
    int zze() -> e
    int zzf() -> f
    void zzg(java.lang.StringBuilder,int) -> g
    void zzh(int,java.lang.Object) -> h
    void zzi(com.google.android.gms.internal.measurement.zzha) -> i
com.google.android.gms.internal.measurement.zzjy -> b.a.a.a.f.f.j8:
    void zza(java.lang.Object,int,long) -> a
    java.lang.Object zzb() -> b
    void zzc(java.lang.Object,java.lang.Object) -> c
    java.lang.Object zzd(java.lang.Object) -> d
    void zze(java.lang.Object) -> e
    java.lang.Object zzf(java.lang.Object,java.lang.Object) -> f
    int zzg(java.lang.Object) -> g
    int zzh(java.lang.Object) -> h
    void zzi(java.lang.Object,com.google.android.gms.internal.measurement.zzha) -> i
com.google.android.gms.internal.measurement.zzjz -> b.a.a.a.f.f.k8:
    com.google.android.gms.internal.measurement.zzkb zzc -> d
    java.util.ListIterator zza -> b
    int zzb -> c
com.google.android.gms.internal.measurement.zzk -> b.a.a.a.f.f.l8:
    com.google.android.gms.internal.measurement.zzh zza -> a
    com.google.android.gms.internal.measurement.zzh zzb -> b
    com.google.android.gms.internal.measurement.zzh zza() -> a
com.google.android.gms.internal.measurement.zzka -> b.a.a.a.f.f.m8:
    com.google.android.gms.internal.measurement.zzkb zzb -> c
    java.util.Iterator zza -> b