build/app/outputs/mapping/release/usage.txt
com.example.oneramadhan.R$layout
com.example.oneramadhan.R$string
com.example.oneramadhan.R$styleable
com.example.oneramadhan.R$id
com.example.oneramadhan.R$integer
com.example.oneramadhan.R$drawable
com.example.oneramadhan.R$color
com.example.oneramadhan.R$style
com.example.oneramadhan.R$dimen
com.example.oneramadhan.R$mipmap
com.example.oneramadhan.R$attr
com.example.oneramadhan.R
com.example.oneramadhan.BuildConfig
...
com.google.protobuf.DescriptorProtos$DescriptorProto$ReservedRange
io.flutter.view.FlutterView$FirstFrameListener
com.google.common.collect.ListMultimap
androidx.loader.content.ModernAsyncTask$WorkerRunnable
androidx.core.content.FileProvider
com.google.api.Distribution$BucketOptionsOrBuilder
androidx.core.app.FrameMetricsAggregator$FrameMetricsApi24Impl$1
com.google.firebase.firestore.QueryDocumentSnapshot:
    public java.lang.Object toObject(java.lang.Class)
    public java.lang.Object toObject(java.lang.Class,com.google.firebase.firestore.DocumentSnapshot$ServerTimestampBehavior)
com.google.type.Money
com.google.common.hash.LongAddables
androidx.core.widget.NestedScrollView$AccessibilityDelegate
com.google.common.util.concurrent.AbstractIdleService$ThreadNameSupplier
com.google.android.gms.internal.auth-api-phone.zzt
com.google.common.collect.TreeRangeMap$AsMapOfRanges
androidx.core.content.ContextCompat:
    protected void <init>()
    public static boolean startActivities(android.content.Context,android.content.Intent[])
    public static boolean startActivities(android.content.Context,android.content.Intent[],android.os.Bundle)
    public static void startActivity(android.content.Context,android.content.Intent,android.os.Bundle)
    public static java.io.File getDataDir(android.content.Context)
    public static java.io.File[] getObbDirs(android.content.Context)
    public static java.io.File[] getExternalFilesDirs(android.content.Context,java.lang.String)
    public static java.io.File[] getExternalCacheDirs(android.content.Context)
    public static android.graphics.drawable.Drawable getDrawable(android.content.Context,int)
    public static android.content.res.ColorStateList getColorStateList(android.content.Context,int)
    public static int getColor(android.content.Context,int)
    public static java.io.File getNoBackupFilesDir(android.content.Context)
    public static java.io.File getCodeCacheDir(android.content.Context)
    private static synchronized java.io.File createFilesDir(java.io.File)
    public static boolean isDeviceProtectedStorage(android.content.Context)
    public static java.util.concurrent.Executor getMainExecutor(android.content.Context)
    public static void startForegroundService(android.content.Context,android.content.Intent)
androidx.annotation.Dimension
com.google.common.base.Splitter$3
androidx.core.widget.EdgeEffectCompat
com.google.common.primitives.Booleans$BooleanComparator
com.google.android.gms.common.internal.safeparcel.SafeParcelable$Constructor
okio.Util:
    private void <init>()
    public static short reverseBytesShort(short)
    public static int reverseBytesInt(int)
    public static long reverseBytesLong(long)
io.grpc.Metadata$IterableAt
io.grpc.Context$1:
    void <init>(io.grpc.Context,java.lang.Runnable)
    public void run()
    final synthetic java.lang.Runnable val$r
    final synthetic io.grpc.Context this$0
com.google.android.gms.common.util.WorkSourceUtil
androidx.core.app.NotificationCompat$Action$Builder
com.google.api.AuthRequirement$Builder
com.google.protobuf.ProtocolStringList
com.google.common.graph.DirectedGraphConnections$1$1
com.google.common.util.concurrent.ForwardingCondition
com.google.gson.internal.ConstructorConstructor$12
com.google.common.collect.Sets$2
com.google.firebase.firestore.QuerySnapshot:
    public com.google.firebase.firestore.Query getQuery()
    public boolean isEmpty()
    public int size()
    public java.util.List toObjects(java.lang.Class)
    public java.util.List toObjects(java.lang.Class,com.google.firebase.firestore.DocumentSnapshot$ServerTimestampBehavior)
androidx.core.os.UserManagerCompat:
    private void <init>()
androidx.lifecycle.LiveData:
    public void observeForever(androidx.lifecycle.Observer)
    public void removeObservers(androidx.lifecycle.LifecycleOwner)
    protected void postValue(java.lang.Object)
    int getVersion()
    public boolean hasObservers()
    static final int START_VERSION